<?xml version="1.0" encoding="UTF-8"?>
<testng-results ignored="0" total="1" passed="1" failed="0" skipped="0">
  <reporter-output>
  </reporter-output>
  <suite started-at="2022-04-05T00:48:56 EDT" name="Default suite" finished-at="2022-04-05T00:48:56 EDT" duration-ms="42">
    <groups>
    </groups>
    <test started-at="2022-04-05T00:48:56 EDT" name="Default test" finished-at="2022-04-05T00:48:56 EDT" duration-ms="42">
      <class name="com.Datas.Maps">
        <test-method signature="maps()[pri:0, instance:com.Datas.Maps@5fa07e12]" started-at="2022-04-05T00:48:56 EDT" name="maps" finished-at="2022-04-05T00:48:56 EDT" duration-ms="9" status="PASS">
          <reporter-output>
          </reporter-output>
        </test-method> <!-- maps -->
      </class> <!-- com.Datas.Maps -->
    </test> <!-- Default test -->
  </suite> <!-- Default suite -->
</testng-results>
